<?xml version="1.0" encoding="UTF-8"?>
<!-- Generated by org.testng.reporters.JUnitXMLReporter -->
<testsuite ignored="0" hostname="PC-201811271239" failures="0" tests="14" name="Default test" time="0.867" errors="0" timestamp="2020-05-04T11:42:18 CST">
  <testcase classname="tech.xuanwu.northstar.strategy.client.RunningMeanAlgoTest" name="correctionTest" time="0.051"/>
  <testcase classname="tech.xuanwu.northstar.strategy.client.RunningMeanAlgoTest" name="correctionTest" time="0.0"/>
  <testcase classname="tech.xuanwu.northstar.strategy.client.RunningMeanAlgoTest" name="correctionTest" time="0.001"/>
  <testcase classname="tech.xuanwu.northstar.strategy.client.RunningMeanAlgoTest" name="correctionTest" time="0.001"/>
  <testcase classname="tech.xuanwu.northstar.strategy.client.RunningMeanAlgoTest" name="correctionTest" time="0.001"/>
  <testcase classname="tech.xuanwu.northstar.strategy.client.RunningMeanAlgoTest" name="correctionTest" time="0.001"/>
  <testcase classname="tech.xuanwu.northstar.strategy.client.RunningMeanAlgoTest" name="correctionTest" time="0.001"/>
  <testcase classname="tech.xuanwu.northstar.strategy.client.RunningMeanAlgoTest" name="correctionTest" time="0.001"/>
  <testcase classname="tech.xuanwu.northstar.strategy.client.RunningMeanAlgoTest" name="correctionTest" time="0.001"/>
  <testcase classname="tech.xuanwu.northstar.strategy.client.RunningMeanAlgoTest" name="correctionTest" time="0.001"/>
  <testcase classname="tech.xuanwu.northstar.strategy.client.RunningMeanAlgoTest" name="correctionTest" time="0.001"/>
  <testcase classname="tech.xuanwu.northstar.strategy.client.RunningMeanAlgoTest" name="correctionTest" time="0.001"/>
  <testcase classname="tech.xuanwu.northstar.strategy.client.RunningMeanAlgoTest" name="performanceBenchMark" time="0.587"/>
  <testcase classname="tech.xuanwu.northstar.strategy.client.RunningMeanAlgoTest" name="performanceTest" time="0.146"/>
</testsuite> <!-- Default test -->
