<?xml version="1.0" encoding="UTF-8"?>
<testng-results ignored="0" total="14" passed="14" failed="0" skipped="0">
  <reporter-output>
  </reporter-output>
  <suite started-at="2020-05-04T11:42:17 CST" name="Default suite" finished-at="2020-05-04T11:42:17 CST" duration-ms="867">
    <groups>
    </groups>
    <test started-at="2020-05-04T11:42:17 CST" name="Default test" finished-at="2020-05-04T11:42:17 CST" duration-ms="867">
      <class name="tech.xuanwu.northstar.strategy.client.RunningMeanAlgoTest">
        <test-method is-config="true" signature="init()[pri:0, instance:tech.xuanwu.northstar.strategy.client.RunningMeanAlgoTest@c333c60]" started-at="2020-05-04T11:42:17 CST" name="init" finished-at="2020-05-04T11:42:17 CST" duration-ms="14" status="PASS">
          <reporter-output>
          </reporter-output>
        </test-method> <!-- init -->
        <test-method signature="correctionTest(java.lang.Double, java.lang.Double)[pri:0, instance:tech.xuanwu.northstar.strategy.client.RunningMeanAlgoTest@c333c60]" started-at="2020-05-04T11:42:17 CST" name="correctionTest" data-provider="dp" finished-at="2020-05-04T11:42:17 CST" duration-ms="51" status="PASS">
          <params>
            <param index="0">
              <value>
                <![CDATA[12.0]]>
              </value>
            </param>
            <param index="1">
              <value>
                <![CDATA[9.7]]>
              </value>
            </param>
          </params>
          <reporter-output>
          </reporter-output>
        </test-method> <!-- correctionTest -->
        <test-method signature="correctionTest(java.lang.Double, java.lang.Double)[pri:0, instance:tech.xuanwu.northstar.strategy.client.RunningMeanAlgoTest@c333c60]" started-at="2020-05-04T11:42:17 CST" name="correctionTest" data-provider="dp" finished-at="2020-05-04T11:42:17 CST" duration-ms="0" status="PASS">
          <params>
            <param index="0">
              <value>
                <![CDATA[11.0]]>
              </value>
            </param>
            <param index="1">
              <value>
                <![CDATA[9.9]]>
              </value>
            </param>
          </params>
          <reporter-output>
          </reporter-output>
        </test-method> <!-- correctionTest -->
        <test-method signature="correctionTest(java.lang.Double, java.lang.Double)[pri:0, instance:tech.xuanwu.northstar.strategy.client.RunningMeanAlgoTest@c333c60]" started-at="2020-05-04T11:42:17 CST" name="correctionTest" data-provider="dp" finished-at="2020-05-04T11:42:17 CST" duration-ms="1" status="PASS">
          <params>
            <param index="0">
              <value>
                <![CDATA[10.0]]>
              </value>
            </param>
            <param index="1">
              <value>
                <![CDATA[10.1]]>
              </value>
            </param>
          </params>
          <reporter-output>
          </reporter-output>
        </test-method> <!-- correctionTest -->
        <test-method signature="correctionTest(java.lang.Double, java.lang.Double)[pri:0, instance:tech.xuanwu.northstar.strategy.client.RunningMeanAlgoTest@c333c60]" started-at="2020-05-04T11:42:17 CST" name="correctionTest" data-provider="dp" finished-at="2020-05-04T11:42:17 CST" duration-ms="1" status="PASS">
          <params>
            <param index="0">
              <value>
                <![CDATA[15.0]]>
              </value>
            </param>
            <param index="1">
              <value>
                <![CDATA[10.8]]>
              </value>
            </param>
          </params>
          <reporter-output>
          </reporter-output>
        </test-method> <!-- correctionTest -->
        <test-method signature="correctionTest(java.lang.Double, java.lang.Double)[pri:0, instance:tech.xuanwu.northstar.strategy.client.RunningMeanAlgoTest@c333c60]" started-at="2020-05-04T11:42:17 CST" name="correctionTest" data-provider="dp" finished-at="2020-05-04T11:42:17 CST" duration-ms="1" status="PASS">
          <params>
            <param index="0">
              <value>
                <![CDATA[13.0]]>
              </value>
            </param>
            <param index="1">
              <value>
                <![CDATA[11.15]]>
              </value>
            </param>
          </params>
          <reporter-output>
          </reporter-output>
        </test-method> <!-- correctionTest -->
        <test-method signature="correctionTest(java.lang.Double, java.lang.Double)[pri:0, instance:tech.xuanwu.northstar.strategy.client.RunningMeanAlgoTest@c333c60]" started-at="2020-05-04T11:42:17 CST" name="correctionTest" data-provider="dp" finished-at="2020-05-04T11:42:17 CST" duration-ms="1" status="PASS">
          <params>
            <param index="0">
              <value>
                <![CDATA[11.0]]>
              </value>
            </param>
            <param index="1">
              <value>
                <![CDATA[11.4]]>
              </value>
            </param>
          </params>
          <reporter-output>
          </reporter-output>
        </test-method> <!-- correctionTest -->
        <test-method signature="correctionTest(java.lang.Double, java.lang.Double)[pri:0, instance:tech.xuanwu.northstar.strategy.client.RunningMeanAlgoTest@c333c60]" started-at="2020-05-04T11:42:17 CST" name="correctionTest" data-provider="dp" finished-at="2020-05-04T11:42:17 CST" duration-ms="1" status="PASS">
          <params>
            <param index="0">
              <value>
                <![CDATA[12.0]]>
              </value>
            </param>
            <param index="1">
              <value>
                <![CDATA[11.7]]>
              </value>
            </param>
          </params>
          <reporter-output>
          </reporter-output>
        </test-method> <!-- correctionTest -->
        <test-method signature="correctionTest(java.lang.Double, java.lang.Double)[pri:0, instance:tech.xuanwu.northstar.strategy.client.RunningMeanAlgoTest@c333c60]" started-at="2020-05-04T11:42:17 CST" name="correctionTest" data-provider="dp" finished-at="2020-05-04T11:42:17 CST" duration-ms="1" status="PASS">
          <params>
            <param index="0">
              <value>
                <![CDATA[9.0]]>
              </value>
            </param>
            <param index="1">
              <value>
                <![CDATA[11.6]]>
              </value>
            </param>
          </params>
          <reporter-output>
          </reporter-output>
        </test-method> <!-- correctionTest -->
        <test-method signature="correctionTest(java.lang.Double, java.lang.Double)[pri:0, instance:tech.xuanwu.northstar.strategy.client.RunningMeanAlgoTest@c333c60]" started-at="2020-05-04T11:42:17 CST" name="correctionTest" data-provider="dp" finished-at="2020-05-04T11:42:17 CST" duration-ms="1" status="PASS">
          <params>
            <param index="0">
              <value>
                <![CDATA[7.0]]>
              </value>
            </param>
            <param index="1">
              <value>
                <![CDATA[11.2]]>
              </value>
            </param>
          </params>
          <reporter-output>
          </reporter-output>
        </test-method> <!-- correctionTest -->
        <test-method signature="correctionTest(java.lang.Double, java.lang.Double)[pri:0, instance:tech.xuanwu.northstar.strategy.client.RunningMeanAlgoTest@c333c60]" started-at="2020-05-04T11:42:17 CST" name="correctionTest" data-provider="dp" finished-at="2020-05-04T11:42:17 CST" duration-ms="1" status="PASS">
          <params>
            <param index="0">
              <value>
                <![CDATA[6.0]]>
              </value>
            </param>
            <param index="1">
              <value>
                <![CDATA[10.6]]>
              </value>
            </param>
          </params>
          <reporter-output>
          </reporter-output>
        </test-method> <!-- correctionTest -->
        <test-method signature="correctionTest(java.lang.Double, java.lang.Double)[pri:0, instance:tech.xuanwu.northstar.strategy.client.RunningMeanAlgoTest@c333c60]" started-at="2020-05-04T11:42:17 CST" name="correctionTest" data-provider="dp" finished-at="2020-05-04T11:42:17 CST" duration-ms="1" status="PASS">
          <params>
            <param index="0">
              <value>
                <![CDATA[9.0]]>
              </value>
            </param>
            <param index="1">
              <value>
                <![CDATA[10.3]]>
              </value>
            </param>
          </params>
          <reporter-output>
          </reporter-output>
        </test-method> <!-- correctionTest -->
        <test-method signature="correctionTest(java.lang.Double, java.lang.Double)[pri:0, instance:tech.xuanwu.northstar.strategy.client.RunningMeanAlgoTest@c333c60]" started-at="2020-05-04T11:42:17 CST" name="correctionTest" data-provider="dp" finished-at="2020-05-04T11:42:17 CST" duration-ms="1" status="PASS">
          <params>
            <param index="0">
              <value>
                <![CDATA[8.0]]>
              </value>
            </param>
            <param index="1">
              <value>
                <![CDATA[10.0]]>
              </value>
            </param>
          </params>
          <reporter-output>
          </reporter-output>
        </test-method> <!-- correctionTest -->
        <test-method signature="performanceBenchMark()[pri:0, instance:tech.xuanwu.northstar.strategy.client.RunningMeanAlgoTest@c333c60]" started-at="2020-05-04T11:42:17 CST" name="performanceBenchMark" finished-at="2020-05-04T11:42:17 CST" duration-ms="587" status="PASS">
          <reporter-output>
          </reporter-output>
        </test-method> <!-- performanceBenchMark -->
        <test-method signature="performanceTest()[pri:0, instance:tech.xuanwu.northstar.strategy.client.RunningMeanAlgoTest@c333c60]" started-at="2020-05-04T11:42:17 CST" name="performanceTest" finished-at="2020-05-04T11:42:17 CST" duration-ms="146" status="PASS">
          <reporter-output>
          </reporter-output>
        </test-method> <!-- performanceTest -->
      </class> <!-- tech.xuanwu.northstar.strategy.client.RunningMeanAlgoTest -->
    </test> <!-- Default test -->
  </suite> <!-- Default suite -->
</testng-results>
